App shows Blank Page

  check this works   <link rel="manifest" href="/svbanquethalls/manifest.json" />
  like http://localhost:3000/svbanquethalls/manifest.json

check this  <link rel="icon" href="/favicon.ico" /> in index.hmtp

keep a message in root in index.html and check if that is displayed
remove that message from index.html
make basic App.js and index.js and see they loads message from App.js
then incrementally add components to App.js

Step 1:
Ensure root is Defined in index.html
<div id="root"></div>

Step 2: Verify the React Mounting Code
Check the index.js file to ensure React is instructed to mount to the root element:

Minimal index.js for Testing:
import React from "react";
import ReactDOM from "react-dom/client";

const root = ReactDOM.createRoot(document.getElementById("root")); // Ensure "root" matches the id in index.html
root.render(<h1>Hello React!</h1>);

Step 3: Test static

    <div id="root">
      <h1>This is a test!</h1>
    </div>

Step 4: Test App.js with Minimal Content
import React from "react";

function App() {
  return <h1>Hello from App!</h1>;
}

export default App;

Update index.js to use the App component:
import React from "react";
import ReactDOM from "react-dom/client";
import App from "./App";

const root = ReactDOM.createRoot(document.getElementById("root"));
root.render(
  <React.StrictMode>
    <App />
  </React.StrictMode>
);




